2023-08-13T17:10:33.035Z [] info: 


----- Bot Starting : -----



2023-08-13T17:10:33.036Z [] info: --- Loading Exchange API
2023-08-13T17:10:33.036Z [] info: --- 	Active Exchange:binance
2023-08-13T17:10:33.085Z [] info: --- Starting Currency Streams
2023-08-13T17:10:33.095Z [] info: ----- Bot Startup Finished -----
2023-08-13T17:27:09.457Z [] info: 


----- Bot Starting : -----



2023-08-13T17:27:09.458Z [] info: --- Loading Exchange API
2023-08-13T17:27:09.459Z [] info: --- 	Active Exchange:binance
2023-08-13T17:27:09.535Z [] info: --- Starting Currency Streams
2023-08-13T17:27:09.544Z [] info: ----- Bot Startup Finished -----
2023-08-13T17:27:29.162Z [] info: 


----- Bot Starting : -----



2023-08-13T17:27:29.163Z [] info: --- Loading Exchange API
2023-08-13T17:27:29.163Z [] info: --- 	Active Exchange:binance
2023-08-13T17:27:29.211Z [] info: --- Starting Currency Streams
2023-08-13T17:27:29.219Z [] info: ----- Bot Startup Finished -----
2023-08-13T17:28:27.262Z [] info: 


----- Bot Starting : -----



2023-08-13T17:28:27.263Z [] info: --- Loading Exchange API
2023-08-13T17:28:27.263Z [] info: --- 	Active Exchange:binance
2023-08-13T17:28:27.312Z [] info: --- Starting Currency Streams
2023-08-13T17:28:27.320Z [] info: ----- Bot Startup Finished -----
2023-08-13T17:28:56.317Z [] info: 


----- Bot Starting : -----



2023-08-13T17:28:56.318Z [] info: --- Loading Exchange API
2023-08-13T17:28:56.318Z [] info: --- 	Active Exchange:binance
2023-08-13T17:28:56.366Z [] info: --- Starting Currency Streams
2023-08-13T17:28:56.375Z [] info: ----- Bot Startup Finished -----
2023-08-13T21:32:30.410Z [] info: 


----- Bot Starting : -----



2023-08-13T21:32:30.411Z [] info: --- Loading Exchange API
2023-08-13T21:32:30.411Z [] info: --- 	Active Exchange:binance
2023-08-13T21:32:30.508Z [] info: --- Starting Currency Streams
2023-08-13T21:32:30.518Z [] info: ----- Bot Startup Finished -----
2023-09-07T19:49:24.298Z [] info: 


----- Bot Starting : -----



2023-09-07T19:49:24.299Z [] info: --- Loading Exchange API
2023-09-07T19:49:24.299Z [] info: --- 	Active Exchange:binance
2023-09-07T19:49:24.393Z [] info: --- Starting Currency Streams
2023-09-07T19:49:24.403Z [] info: ----- Bot Startup Finished -----
